[Qibo 0.2.11|INFO|2024-08-28 09:35:01]: Loading platform dummy
[Qibo 0.2.11|INFO|2024-08-28 09:35:01]: Loading platform /nfs/tools/qibolab_platforms_qrc/iqm5q
[38;20m[Qibocal 0.0.11|INFO|2024-08-28 09:35:01]: Creating directory /home/users/elisa.stabilini/protocolstest/output/qubit_spectroscopy.[0m
[Qibo 0.2.11|INFO|2024-08-28 09:35:01]: Connecting to instrument <qibolab.instruments.qblox.controller.QbloxController object at 0x7f473075a110>.
[Qibo 0.2.11|INFO|2024-08-28 09:35:10]: QbloxController: all modules connected.
[Qibo 0.2.11|INFO|2024-08-28 09:35:10]: Connecting to instrument <qibolab.instruments.rohde_schwarz.SGS100A object at 0x7f473075a290>.
[Qibo 0.2.11|INFO|2024-08-28 09:35:10]: Connecting to instrument <qibolab.instruments.qblox.cluster_qrm_rf.QrmRf object at 0x7f473736d840>.
[Qibo 0.2.11|INFO|2024-08-28 09:35:10]: Connecting to instrument <qibolab.instruments.qblox.cluster_qrm_rf.QrmRf object at 0x7f473736d810>.
[Qibo 0.2.11|INFO|2024-08-28 09:35:10]: Connecting to instrument <qibolab.instruments.qblox.cluster_qcm_rf.QcmRf object at 0x7f4730960c70>.
[Qibo 0.2.11|INFO|2024-08-28 09:35:10]: Connecting to instrument <qibolab.instruments.qblox.cluster_qcm_rf.QcmRf object at 0x7f4730960f70>.
[Qibo 0.2.11|INFO|2024-08-28 09:35:10]: Connecting to instrument <qibolab.instruments.qblox.cluster_qcm_rf.QcmRf object at 0x7f473075bc10>.
[Qibo 0.2.11|INFO|2024-08-28 09:35:10]: Connecting to instrument <qibolab.instruments.qblox.cluster_qcm_bb.QcmBb object at 0x7f47307587f0>.
[Qibo 0.2.11|INFO|2024-08-28 09:35:10]: Connecting to instrument <qibolab.instruments.qblox.cluster_qcm_bb.QcmBb object at 0x7f473075a0b0>.
[Qibo 0.2.11|INFO|2024-08-28 09:35:10]: Connecting to instrument <qibolab.instruments.qblox.cluster_qcm_bb.QcmBb object at 0x7f473075a080>.
[Qibo 0.2.11|INFO|2024-08-28 09:35:10]: Connecting to instrument <qibolab.instruments.qblox.cluster_qcm_bb.QcmBb object at 0x7f473075a1d0>.
[38;20m[Qibocal 0.0.11|INFO|2024-08-28 09:35:10]: Executing mode AUTOCALIBRATION on qubit spectroscopy 01.[0m
[Qibo 0.2.11|INFO|2024-08-28 09:35:10]: Minimal execution time (sweep): 11.264000000000001
[38;20m[Qibocal 0.0.11|INFO|2024-08-28 09:35:25]: Finished acquisition in 14.76 seconds[0m
[38;20m[Qibocal 0.0.11|INFO|2024-08-28 09:35:25]: Finished fit in less than 1 second.[0m
Connected to: Rohde&Schwarz SGS100A (serial:1416.0505k02/113302, firmware:4.2.76.0-4.30.046.295) in 0.21s
