[Qibo 0.2.11|INFO|2024-08-30 22:41:06]: Loading platform dummy
[Qibo 0.2.11|INFO|2024-08-30 22:41:07]: Loading platform /nfs/tools/qibolab_platforms_qrc/iqm5q
[38;20m[Qibocal 0.0.11|INFO|2024-08-30 22:41:07]: Creating directory /home/users/elisa.stabilini/protocolstest/output/fidelities.[0m
[Qibo 0.2.11|INFO|2024-08-30 22:41:07]: Connecting to instrument <qibolab.instruments.qblox.controller.QbloxController object at 0x7755eac83310>.
[Qibo 0.2.11|INFO|2024-08-30 22:41:15]: QbloxController: all modules connected.
[Qibo 0.2.11|INFO|2024-08-30 22:41:15]: Connecting to instrument <qibolab.instruments.rohde_schwarz.SGS100A object at 0x7755eac80820>.
[Qibo 0.2.11|INFO|2024-08-30 22:41:16]: Connecting to instrument <qibolab.instruments.qblox.cluster_qrm_rf.QrmRf object at 0x7755eaf52830>.
[Qibo 0.2.11|INFO|2024-08-30 22:41:16]: Connecting to instrument <qibolab.instruments.qblox.cluster_qrm_rf.QrmRf object at 0x7755eaf52860>.
[Qibo 0.2.11|INFO|2024-08-30 22:41:16]: Connecting to instrument <qibolab.instruments.qblox.cluster_qcm_rf.QcmRf object at 0x7755eac83e80>.
[Qibo 0.2.11|INFO|2024-08-30 22:41:16]: Connecting to instrument <qibolab.instruments.qblox.cluster_qcm_rf.QcmRf object at 0x7755eac83e50>.
[Qibo 0.2.11|INFO|2024-08-30 22:41:16]: Connecting to instrument <qibolab.instruments.qblox.cluster_qcm_rf.QcmRf object at 0x7755eac83f10>.
[Qibo 0.2.11|INFO|2024-08-30 22:41:16]: Connecting to instrument <qibolab.instruments.qblox.cluster_qcm_bb.QcmBb object at 0x7755eac83f40>.
[Qibo 0.2.11|INFO|2024-08-30 22:41:16]: Connecting to instrument <qibolab.instruments.qblox.cluster_qcm_bb.QcmBb object at 0x7755eac83370>.
[Qibo 0.2.11|INFO|2024-08-30 22:41:16]: Connecting to instrument <qibolab.instruments.qblox.cluster_qcm_bb.QcmBb object at 0x7755eac83430>.
[Qibo 0.2.11|INFO|2024-08-30 22:41:16]: Connecting to instrument <qibolab.instruments.qblox.cluster_qcm_bb.QcmBb object at 0x7755eac83340>.
[38;20m[Qibocal 0.0.11|INFO|2024-08-30 22:41:16]: Executing mode AUTOCALIBRATION on readout characterization.[0m
[Qibo 0.2.11|INFO|2024-08-30 22:41:16]: Minimal execution time (sequence): 1.52
[Qibo 0.2.11|INFO|2024-08-30 22:41:19]: Minimal execution time (sequence): 1.52
[Qibo 0.2.11|INFO|2024-08-30 22:41:23]: Minimal execution time (sequence): 1.5202
[Qibo 0.2.11|INFO|2024-08-30 22:41:27]: Minimal execution time (sequence): 1.5202
[38;20m[Qibocal 0.0.11|INFO|2024-08-30 22:41:31]: Finished acquisition in 15.33 seconds[0m
/nfs/tools/qibo/lib/python3.10/site-packages/qibocal/protocols/utils.py:73: RuntimeWarning: divide by zero encountered in scalar divide
  temp = -HBAR * qubit_frequency / (np.log(prob_1 / prob_0) * KB)
/nfs/tools/qibo/lib/python3.10/site-packages/qibocal/protocols/utils.py:76: RuntimeWarning: invalid value encountered in scalar multiply
  error = np.sqrt((dT_dp0 * error_prob_0) ** 2 + (dT_dp1 * error_prob_1) ** 2)
[38;20m[Qibocal 0.0.11|INFO|2024-08-30 22:41:31]: Finished fit in less than 1 second.[0m
Connected to: Rohde&Schwarz SGS100A (serial:1416.0505k02/113302, firmware:4.2.76.0-4.30.046.295) in 0.21s
